{"name": "Test Valid Login with Screenshot", "status": "failed", "statusDetails": {"message": "AssertionError: assert 'Practice Test Login Page' in 'Test Login | Practice Test Automation'\n +  where 'Test Login | Practice Test Automation' = <selenium.webdriver.chrome.webdriver.WebDriver (session=\"65f63f195c11a653e882f2ab248fdcc4\")>.title", "trace": "@allure.epic(\"Authentication Module\")\n    @allure.feature(\"Login\")\n    @allure.story(\"Valid User Login\")\n    @allure.severity(allure.severity_level.CRITICAL)\n    @allure.tag(\"smoke\", \"ui\", \"chrome\")\n    @allure.title(\"Test Valid Login with Screenshot\")\n    def test_login():\n        driver = webdriver.Chrome()\n        driver.maximize_window()\n    \n        try:\n            driver.get(\"https://practicetestautomation.com/practice-test-login/\")\n            assert \"Practice Test Login Page\" in driver.title\n    \n            driver.find_element(\"name\", \"username\").send_keys(\"student\")\n            driver.find_element(\"name\", \"password\").send_keys(\"Password123\")\n            driver.find_element(\"id\", \"submit\").click()\n    \n            assert \"Logged In Successfully\" in driver.page_source\n    \n        except Exception as e:\n            allure.attach(driver.get_screenshot_as_png(),\n                          name=\"Failure Screenshot\",\n                          attachment_type=allure.attachment_type.PNG)\n>           raise e\n\ntests\\test_login.py:29: \n_ _ _ _ _ _ _ _ _ _ _ _ _ _ _ _ _ _ _ _ _ _ _ _ _ _ _ _ _ _ _ _ _ _ _ _ _ _ _ _ _ _ _ _ _ _ _ _ _ _ _ _ _ _ _ _\n\n    @allure.epic(\"Authentication Module\")\n    @allure.feature(\"Login\")\n    @allure.story(\"Valid User Login\")\n    @allure.severity(allure.severity_level.CRITICAL)\n    @allure.tag(\"smoke\", \"ui\", \"chrome\")\n    @allure.title(\"Test Valid Login with Screenshot\")\n    def test_login():\n        driver = webdriver.Chrome()\n        driver.maximize_window()\n    \n        try:\n            driver.get(\"https://practicetestautomation.com/practice-test-login/\")\n>           assert \"Practice Test Login Page\" in driver.title\nE           assert 'Practice Test Login Page' in 'Test Login | Practice Test Automation'\nE            +  where 'Test Login | Practice Test Automation' = <selenium.webdriver.chrome.webdriver.WebDriver (session=\"65f63f195c11a653e882f2ab248fdcc4\")>.title\n\ntests\\test_login.py:17: AssertionError"}, "attachments": [{"name": "Failure Screenshot", "source": "2e2672f5-0b5d-4282-a953-092627a6094e-attachment.png", "type": "image/png"}], "start": 1752117031377, "stop": 1752117037997, "uuid": "16a4732b-f343-453a-bce7-5c349832c812", "historyId": "a707b9555172d26c5c1ec2d556e674f3", "testCaseId": "a707b9555172d26c5c1ec2d556e674f3", "fullName": "tests.test_login#test_login", "labels": [{"name": "epic", "value": "Authentication Module"}, {"name": "tag", "value": "smoke"}, {"name": "severity", "value": "critical"}, {"name": "story", "value": "Valid User Login"}, {"name": "tag", "value": "chrome"}, {"name": "feature", "value": "Login"}, {"name": "tag", "value": "ui"}, {"name": "parentSuite", "value": "tests"}, {"name": "suite", "value": "test_login"}, {"name": "host", "value": "DESKTOP-3IUJALV"}, {"name": "thread", "value": "23120-MainThread"}, {"name": "framework", "value": "pytest"}, {"name": "language", "value": "cpython3"}, {"name": "package", "value": "tests.test_login"}]}